E:\OpenSource\CodeLearn_Lua\lua-5.2.2\src\VS2010\LuaLib\Release\cl.command.1.tlog
E:\OpenSource\CodeLearn_Lua\lua-5.2.2\src\VS2010\LuaLib\Release\CL.read.1.tlog
E:\OpenSource\CodeLearn_Lua\lua-5.2.2\src\VS2010\LuaLib\Release\CL.write.1.tlog
E:\OPENSOURCE\CODELEARN_LUA\LUA-5.2.2\SRC\VS2010\LUALIB\RELEASE\LAPI.OBJ
E:\OPENSOURCE\CODELEARN_LUA\LUA-5.2.2\SRC\VS2010\LUALIB\RELEASE\LAUXLIB.OBJ
E:\OPENSOURCE\CODELEARN_LUA\LUA-5.2.2\SRC\VS2010\LUALIB\RELEASE\LBASELIB.OBJ
E:\OPENSOURCE\CODELEARN_LUA\LUA-5.2.2\SRC\VS2010\LUALIB\RELEASE\LBITLIB.OBJ
E:\OPENSOURCE\CODELEARN_LUA\LUA-5.2.2\SRC\VS2010\LUALIB\RELEASE\LCODE.OBJ
E:\OPENSOURCE\CODELEARN_LUA\LUA-5.2.2\SRC\VS2010\LUALIB\RELEASE\LCOROLIB.OBJ
E:\OPENSOURCE\CODELEARN_LUA\LUA-5.2.2\SRC\VS2010\LUALIB\RELEASE\LCTYPE.OBJ
E:\OPENSOURCE\CODELEARN_LUA\LUA-5.2.2\SRC\VS2010\LUALIB\RELEASE\LDBLIB.OBJ
E:\OPENSOURCE\CODELEARN_LUA\LUA-5.2.2\SRC\VS2010\LUALIB\RELEASE\LDEBUG.OBJ
E:\OPENSOURCE\CODELEARN_LUA\LUA-5.2.2\SRC\VS2010\LUALIB\RELEASE\LDO.OBJ
E:\OPENSOURCE\CODELEARN_LUA\LUA-5.2.2\SRC\VS2010\LUALIB\RELEASE\LDUMP.OBJ
E:\OPENSOURCE\CODELEARN_LUA\LUA-5.2.2\SRC\VS2010\LUALIB\RELEASE\LFUNC.OBJ
E:\OPENSOURCE\CODELEARN_LUA\LUA-5.2.2\SRC\VS2010\LUALIB\RELEASE\LGC.OBJ
E:\OpenSource\CodeLearn_Lua\lua-5.2.2\src\VS2010\LuaLib\Release\lib.command.1.tlog
E:\OpenSource\CodeLearn_Lua\lua-5.2.2\src\VS2010\LuaLib\Release\Lib-link.read.1.tlog
E:\OpenSource\CodeLearn_Lua\lua-5.2.2\src\VS2010\LuaLib\Release\Lib-link.write.1.tlog
E:\OPENSOURCE\CODELEARN_LUA\LUA-5.2.2\SRC\VS2010\LUALIB\RELEASE\LINIT.OBJ
E:\OPENSOURCE\CODELEARN_LUA\LUA-5.2.2\SRC\VS2010\LUALIB\RELEASE\LIOLIB.OBJ
E:\OPENSOURCE\CODELEARN_LUA\LUA-5.2.2\SRC\VS2010\LUALIB\RELEASE\LLEX.OBJ
E:\OPENSOURCE\CODELEARN_LUA\LUA-5.2.2\SRC\VS2010\LUALIB\RELEASE\LMATHLIB.OBJ
E:\OPENSOURCE\CODELEARN_LUA\LUA-5.2.2\SRC\VS2010\LUALIB\RELEASE\LMEM.OBJ
E:\OPENSOURCE\CODELEARN_LUA\LUA-5.2.2\SRC\VS2010\LUALIB\RELEASE\LOADLIB.OBJ
E:\OPENSOURCE\CODELEARN_LUA\LUA-5.2.2\SRC\VS2010\LUALIB\RELEASE\LOBJECT.OBJ
E:\OPENSOURCE\CODELEARN_LUA\LUA-5.2.2\SRC\VS2010\LUALIB\RELEASE\LOPCODES.OBJ
E:\OPENSOURCE\CODELEARN_LUA\LUA-5.2.2\SRC\VS2010\LUALIB\RELEASE\LOSLIB.OBJ
E:\OPENSOURCE\CODELEARN_LUA\LUA-5.2.2\SRC\VS2010\LUALIB\RELEASE\LPARSER.OBJ
E:\OPENSOURCE\CODELEARN_LUA\LUA-5.2.2\SRC\VS2010\LUALIB\RELEASE\LSTATE.OBJ
E:\OPENSOURCE\CODELEARN_LUA\LUA-5.2.2\SRC\VS2010\LUALIB\RELEASE\LSTRING.OBJ
E:\OPENSOURCE\CODELEARN_LUA\LUA-5.2.2\SRC\VS2010\LUALIB\RELEASE\LSTRLIB.OBJ
E:\OPENSOURCE\CODELEARN_LUA\LUA-5.2.2\SRC\VS2010\LUALIB\RELEASE\LTABLE.OBJ
E:\OPENSOURCE\CODELEARN_LUA\LUA-5.2.2\SRC\VS2010\LUALIB\RELEASE\LTABLIB.OBJ
E:\OPENSOURCE\CODELEARN_LUA\LUA-5.2.2\SRC\VS2010\LUALIB\RELEASE\LTM.OBJ
E:\OPENSOURCE\CODELEARN_LUA\LUA-5.2.2\SRC\VS2010\LUALIB\RELEASE\LUA.OBJ
E:\OPENSOURCE\CODELEARN_LUA\LUA-5.2.2\SRC\VS2010\LUALIB\RELEASE\LUAC.OBJ
E:\OPENSOURCE\CODELEARN_LUA\LUA-5.2.2\SRC\VS2010\LUALIB\RELEASE\LUALIB.LIB
E:\OPENSOURCE\CODELEARN_LUA\LUA-5.2.2\SRC\VS2010\LUALIB\RELEASE\LUNDUMP.OBJ
E:\OPENSOURCE\CODELEARN_LUA\LUA-5.2.2\SRC\VS2010\LUALIB\RELEASE\LVM.OBJ
E:\OPENSOURCE\CODELEARN_LUA\LUA-5.2.2\SRC\VS2010\LUALIB\RELEASE\LZIO.OBJ
E:\OPENSOURCE\CODELEARN_LUA\LUA-5.2.2\SRC\VS2010\LUALIB\RELEASE\VC100.PDB
