生成启动时间为 2013/6/20 16:12:52。
     1>项目“E:\OpenSource\CodeLearn_Lua\lua-5.2.2\src\VS2010\LuaLib\LuaLib.vcxproj”在节点 2 上(build 个目标)。
     1>InitializeBuildStatus:
         正在创建“Debug\LuaLib.unsuccessfulbuild”，因为已指定“AlwaysCreate”。
       ClCompile:
         d:\Program Files\Microsoft Visual Studio 10.0\VC\bin\CL.exe /c /I"E:\OpenSource\CodeLearn_Lua\lua-5.2.2\src" /ZI /nologo /W3 /WX- /Od /Oy- /D WIN32 /D _DEBUG /D _LIB /D _UNICODE /D UNICODE /Gm /EHsc /RTC1 /MDd /GS /fp:precise /Zc:wchar_t /Zc:forScope /Fo"Debug\\" /Fd"Debug\vc100.pdb" /Gd /TC /analyze- /errorReport:prompt ..\..\lapi.c ..\..\lauxlib.c ..\..\lbaselib.c ..\..\lbitlib.c ..\..\lcode.c ..\..\lcorolib.c ..\..\lctype.c ..\..\ldblib.c ..\..\ldebug.c ..\..\ldo.c ..\..\ldump.c ..\..\lfunc.c ..\..\lgc.c ..\..\linit.c ..\..\liolib.c ..\..\llex.c ..\..\lmathlib.c ..\..\lmem.c ..\..\loadlib.c ..\..\lobject.c ..\..\lopcodes.c ..\..\loslib.c ..\..\lparser.c ..\..\lstate.c ..\..\lstring.c ..\..\lstrlib.c ..\..\ltable.c ..\..\ltablib.c ..\..\ltm.c ..\..\lua.c ..\..\luac.c ..\..\lundump.c ..\..\lvm.c ..\..\lzio.c
         lzio.c
         lvm.c
     1>e:\opensource\codelearn_lua\lua-5.2.2\src\lvm.c(53): warning C4996: 'sprintf': This function or variable may be unsafe. Consider using sprintf_s instead. To disable deprecation, use _CRT_SECURE_NO_WARNINGS. See online help for details.
                 d:\program files\microsoft visual studio 10.0\vc\include\stdio.h(371) : 参见“sprintf”的声明
         lundump.c
         luac.c
     1>e:\opensource\codelearn_lua\lua-5.2.2\src\luac.c(43): warning C4996: 'strerror': This function or variable may be unsafe. Consider using strerror_s instead. To disable deprecation, use _CRT_SECURE_NO_WARNINGS. See online help for details.
                 d:\program files\microsoft visual studio 10.0\vc\include\string.h(157) : 参见“strerror”的声明
     1>e:\opensource\codelearn_lua\lua-5.2.2\src\luac.c(178): warning C4996: 'fopen': This function or variable may be unsafe. Consider using fopen_s instead. To disable deprecation, use _CRT_SECURE_NO_WARNINGS. See online help for details.
                 d:\program files\microsoft visual studio 10.0\vc\include\stdio.h(234) : 参见“fopen”的声明
         lua.c
     1>e:\opensource\codelearn_lua\lua-5.2.2\src\lua.c(425): warning C4996: 'getenv': This function or variable may be unsafe. Consider using _dupenv_s instead. To disable deprecation, use _CRT_SECURE_NO_WARNINGS. See online help for details.
                 d:\program files\microsoft visual studio 10.0\vc\include\stdlib.h(433) : 参见“getenv”的声明
     1>e:\opensource\codelearn_lua\lua-5.2.2\src\lua.c(428): warning C4996: 'getenv': This function or variable may be unsafe. Consider using _dupenv_s instead. To disable deprecation, use _CRT_SECURE_NO_WARNINGS. See online help for details.
                 d:\program files\microsoft visual studio 10.0\vc\include\stdlib.h(433) : 参见“getenv”的声明
         ltm.c
         ltablib.c
         ltable.c
         lstrlib.c
     1>e:\opensource\codelearn_lua\lua-5.2.2\src\lstrlib.c(845): warning C4996: 'sprintf': This function or variable may be unsafe. Consider using sprintf_s instead. To disable deprecation, use _CRT_SECURE_NO_WARNINGS. See online help for details.
                 d:\program files\microsoft visual studio 10.0\vc\include\stdio.h(371) : 参见“sprintf”的声明
     1>e:\opensource\codelearn_lua\lua-5.2.2\src\lstrlib.c(847): warning C4996: 'sprintf': This function or variable may be unsafe. Consider using sprintf_s instead. To disable deprecation, use _CRT_SECURE_NO_WARNINGS. See online help for details.
                 d:\program files\microsoft visual studio 10.0\vc\include\stdio.h(371) : 参见“sprintf”的声明
     1>e:\opensource\codelearn_lua\lua-5.2.2\src\lstrlib.c(886): warning C4996: 'strcpy': This function or variable may be unsafe. Consider using strcpy_s instead. To disable deprecation, use _CRT_SECURE_NO_WARNINGS. See online help for details.
                 d:\program files\microsoft visual studio 10.0\vc\include\string.h(105) : 参见“strcpy”的声明
     1>e:\opensource\codelearn_lua\lua-5.2.2\src\lstrlib.c(914): warning C4996: 'sprintf': This function or variable may be unsafe. Consider using sprintf_s instead. To disable deprecation, use _CRT_SECURE_NO_WARNINGS. See online help for details.
                 d:\program files\microsoft visual studio 10.0\vc\include\stdio.h(371) : 参见“sprintf”的声明
     1>e:\opensource\codelearn_lua\lua-5.2.2\src\lstrlib.c(924): warning C4996: 'sprintf': This function or variable may be unsafe. Consider using sprintf_s instead. To disable deprecation, use _CRT_SECURE_NO_WARNINGS. See online help for details.
                 d:\program files\microsoft visual studio 10.0\vc\include\stdio.h(371) : 参见“sprintf”的声明
     1>e:\opensource\codelearn_lua\lua-5.2.2\src\lstrlib.c(934): warning C4996: 'sprintf': This function or variable may be unsafe. Consider using sprintf_s instead. To disable deprecation, use _CRT_SECURE_NO_WARNINGS. See online help for details.
                 d:\program files\microsoft visual studio 10.0\vc\include\stdio.h(371) : 参见“sprintf”的声明
     1>e:\opensource\codelearn_lua\lua-5.2.2\src\lstrlib.c(943): warning C4996: 'sprintf': This function or variable may be unsafe. Consider using sprintf_s instead. To disable deprecation, use _CRT_SECURE_NO_WARNINGS. See online help for details.
                 d:\program files\microsoft visual studio 10.0\vc\include\stdio.h(371) : 参见“sprintf”的声明
     1>e:\opensource\codelearn_lua\lua-5.2.2\src\lstrlib.c(960): warning C4996: 'sprintf': This function or variable may be unsafe. Consider using sprintf_s instead. To disable deprecation, use _CRT_SECURE_NO_WARNINGS. See online help for details.
                 d:\program files\microsoft visual studio 10.0\vc\include\stdio.h(371) : 参见“sprintf”的声明
         lstring.c
         lstate.c
         lparser.c
         loslib.c
     1>e:\opensource\codelearn_lua\lua-5.2.2\src\loslib.c(108): warning C4996: 'tmpnam': This function or variable may be unsafe. Consider using tmpnam_s instead. To disable deprecation, use _CRT_SECURE_NO_WARNINGS. See online help for details.
                 d:\program files\microsoft visual studio 10.0\vc\include\stdio.h(344) : 参见“tmpnam”的声明
     1>e:\opensource\codelearn_lua\lua-5.2.2\src\loslib.c(117): warning C4996: 'getenv': This function or variable may be unsafe. Consider using _dupenv_s instead. To disable deprecation, use _CRT_SECURE_NO_WARNINGS. See online help for details.
                 d:\program files\microsoft visual studio 10.0\vc\include\stdlib.h(433) : 参见“getenv”的声明
     1>e:\opensource\codelearn_lua\lua-5.2.2\src\loslib.c(200): warning C4996: 'gmtime': This function or variable may be unsafe. Consider using gmtime_s instead. To disable deprecation, use _CRT_SECURE_NO_WARNINGS. See online help for details.
                 d:\program files\microsoft visual studio 10.0\vc\include\time.inl(99) : 参见“gmtime”的声明
     1>e:\opensource\codelearn_lua\lua-5.2.2\src\loslib.c(204): warning C4996: 'localtime': This function or variable may be unsafe. Consider using localtime_s instead. To disable deprecation, use _CRT_SECURE_NO_WARNINGS. See online help for details.
                 d:\program files\microsoft visual studio 10.0\vc\include\time.inl(112) : 参见“localtime”的声明
         lopcodes.c
         lobject.c
     1>e:\opensource\codelearn_lua\lua-5.2.2\src\lobject.c(209): warning C4996: 'sprintf': This function or variable may be unsafe. Consider using sprintf_s instead. To disable deprecation, use _CRT_SECURE_NO_WARNINGS. See online help for details.
                 d:\program files\microsoft visual studio 10.0\vc\include\stdio.h(371) : 参见“sprintf”的声明
         loadlib.c
     1>e:\opensource\codelearn_lua\lua-5.2.2\src\loadlib.c(331): warning C4996: 'fopen': This function or variable may be unsafe. Consider using fopen_s instead. To disable deprecation, use _CRT_SECURE_NO_WARNINGS. See online help for details.
                 d:\program files\microsoft visual studio 10.0\vc\include\stdio.h(234) : 参见“fopen”的声明
     1>e:\opensource\codelearn_lua\lua-5.2.2\src\loadlib.c(639): warning C4996: 'getenv': This function or variable may be unsafe. Consider using _dupenv_s instead. To disable deprecation, use _CRT_SECURE_NO_WARNINGS. See online help for details.
                 d:\program files\microsoft visual studio 10.0\vc\include\stdlib.h(433) : 参见“getenv”的声明
     1>e:\opensource\codelearn_lua\lua-5.2.2\src\loadlib.c(641): warning C4996: 'getenv': This function or variable may be unsafe. Consider using _dupenv_s instead. To disable deprecation, use _CRT_SECURE_NO_WARNINGS. See online help for details.
                 d:\program files\microsoft visual studio 10.0\vc\include\stdlib.h(433) : 参见“getenv”的声明
         lmem.c
         lmathlib.c
         llex.c
         liolib.c
     1>e:\opensource\codelearn_lua\lua-5.2.2\src\liolib.c(219): warning C4996: 'fopen': This function or variable may be unsafe. Consider using fopen_s instead. To disable deprecation, use _CRT_SECURE_NO_WARNINGS. See online help for details.
                 d:\program files\microsoft visual studio 10.0\vc\include\stdio.h(234) : 参见“fopen”的声明
     1>e:\opensource\codelearn_lua\lua-5.2.2\src\liolib.c(221): warning C4996: 'strerror': This function or variable may be unsafe. Consider using strerror_s instead. To disable deprecation, use _CRT_SECURE_NO_WARNINGS. See online help for details.
                 d:\program files\microsoft visual studio 10.0\vc\include\string.h(157) : 参见“strerror”的声明
     1>e:\opensource\codelearn_lua\lua-5.2.2\src\liolib.c(231): warning C4996: 'fopen': This function or variable may be unsafe. Consider using fopen_s instead. To disable deprecation, use _CRT_SECURE_NO_WARNINGS. See online help for details.
                 d:\program files\microsoft visual studio 10.0\vc\include\stdio.h(234) : 参见“fopen”的声明
     1>e:\opensource\codelearn_lua\lua-5.2.2\src\liolib.c(257): warning C4996: 'tmpfile': This function or variable may be unsafe. Consider using tmpfile_s instead. To disable deprecation, use _CRT_SECURE_NO_WARNINGS. See online help for details.
                 d:\program files\microsoft visual studio 10.0\vc\include\stdio.h(338) : 参见“tmpfile”的声明
     1>e:\opensource\codelearn_lua\lua-5.2.2\src\liolib.c(351): warning C4996: 'fscanf': This function or variable may be unsafe. Consider using fscanf_s instead. To disable deprecation, use _CRT_SECURE_NO_WARNINGS. See online help for details.
                 d:\program files\microsoft visual studio 10.0\vc\include\stdio.h(253) : 参见“fscanf”的声明
         正在生成代码...
         正在编译...
         linit.c
         lgc.c
         lfunc.c
         ldump.c
         ldo.c
         ldebug.c
         ldblib.c
         lctype.c
         lcorolib.c
         lcode.c
         lbitlib.c
         lbaselib.c
         lauxlib.c
     1>e:\opensource\codelearn_lua\lua-5.2.2\src\lauxlib.c(216): warning C4996: 'strerror': This function or variable may be unsafe. Consider using strerror_s instead. To disable deprecation, use _CRT_SECURE_NO_WARNINGS. See online help for details.
                 d:\program files\microsoft visual studio 10.0\vc\include\string.h(157) : 参见“strerror”的声明
     1>e:\opensource\codelearn_lua\lua-5.2.2\src\lauxlib.c(218): warning C4996: 'strerror': This function or variable may be unsafe. Consider using strerror_s instead. To disable deprecation, use _CRT_SECURE_NO_WARNINGS. See online help for details.
                 d:\program files\microsoft visual studio 10.0\vc\include\string.h(157) : 参见“strerror”的声明
     1>e:\opensource\codelearn_lua\lua-5.2.2\src\lauxlib.c(588): warning C4996: 'strerror': This function or variable may be unsafe. Consider using strerror_s instead. To disable deprecation, use _CRT_SECURE_NO_WARNINGS. See online help for details.
                 d:\program files\microsoft visual studio 10.0\vc\include\string.h(157) : 参见“strerror”的声明
     1>e:\opensource\codelearn_lua\lua-5.2.2\src\lauxlib.c(642): warning C4996: 'fopen': This function or variable may be unsafe. Consider using fopen_s instead. To disable deprecation, use _CRT_SECURE_NO_WARNINGS. See online help for details.
                 d:\program files\microsoft visual studio 10.0\vc\include\stdio.h(234) : 参见“fopen”的声明
     1>e:\opensource\codelearn_lua\lua-5.2.2\src\lauxlib.c(648): warning C4996: 'freopen': This function or variable may be unsafe. Consider using freopen_s instead. To disable deprecation, use _CRT_SECURE_NO_WARNINGS. See online help for details.
                 d:\program files\microsoft visual studio 10.0\vc\include\stdio.h(249) : 参见“freopen”的声明
         lapi.c
         正在生成代码...
       Lib:
         d:\Program Files\Microsoft Visual Studio 10.0\VC\bin\Lib.exe /OUT:"E:\OpenSource\CodeLearn_Lua\lua-5.2.2\src\VS2010\LuaLib\Debug\LuaLib.lib" /NOLOGO Debug\lapi.obj
         Debug\lauxlib.obj
         Debug\lbaselib.obj
         Debug\lbitlib.obj
         Debug\lcode.obj
         Debug\lcorolib.obj
         Debug\lctype.obj
         Debug\ldblib.obj
         Debug\ldebug.obj
         Debug\ldo.obj
         Debug\ldump.obj
         Debug\lfunc.obj
         Debug\lgc.obj
         Debug\linit.obj
         Debug\liolib.obj
         Debug\llex.obj
         Debug\lmathlib.obj
         Debug\lmem.obj
         Debug\loadlib.obj
         Debug\lobject.obj
         Debug\lopcodes.obj
         Debug\loslib.obj
         Debug\lparser.obj
         Debug\lstate.obj
         Debug\lstring.obj
         Debug\lstrlib.obj
         Debug\ltable.obj
         Debug\ltablib.obj
         Debug\ltm.obj
         Debug\lua.obj
         Debug\luac.obj
         Debug\lundump.obj
         Debug\lvm.obj
         Debug\lzio.obj
     1>lua.obj : warning LNK4006: _main 已在 luac.obj 中定义；已忽略第二个定义
         LuaLib.vcxproj -> E:\OpenSource\CodeLearn_Lua\lua-5.2.2\src\VS2010\LuaLib\Debug\LuaLib.lib
       FinalizeBuildStatus:
         正在删除文件“Debug\LuaLib.unsuccessfulbuild”。
         正在对“Debug\LuaLib.lastbuildstate”执行 Touch 任务。
     1>已完成生成项目“E:\OpenSource\CodeLearn_Lua\lua-5.2.2\src\VS2010\LuaLib\LuaLib.vcxproj”(build 个目标)的操作。

生成成功。

已用时间 00:00:03.65
